2021-11-27 17:46:48.695 [LOGID:] INFO  [Test worker] t.p.s.AlgorithmPracticeTest.testAddTwoNumbers(58): listNodeLeft
2021-11-27 17:46:48.708 [LOGID:] INFO  [Test worker] t.p.s.AlgorithmPracticeTest.testAddTwoNumbers(63): listNodeRight
2021-11-27 17:46:48.709 [LOGID:] INFO  [Test worker] t.p.s.AlgorithmPracticeTest.testAddTwoNumbers(68): listNodeAnswer
2021-11-27 17:46:48.711 [LOGID:] INFO  [Test worker] t.p.s.AlgorithmPracticeTest.testAddTwoNumbers(73): assert
2021-11-27 17:46:52.052 [LOGID:] INFO  [Test worker] o.s.b.t.c.SpringBootTestContextBootstrapper.buildDefaultMergedContextConfiguration(308): Neither @ContextConfiguration nor @ContextHierarchy found for test class [tdd.pratice.EndpointTest], using SpringBootContextLoader
2021-11-27 17:46:52.069 [LOGID:] INFO  [Test worker] o.s.t.c.s.AbstractContextLoader.generateDefaultLocations(264): Could not detect default resource locations for test class [tdd.pratice.EndpointTest]: no resource found for suffixes {-context.xml, Context.groovy}.
2021-11-27 17:46:52.310 [LOGID:] INFO  [Test worker] o.s.b.t.c.SpringBootTestContextBootstrapper.getDefaultTestExecutionListenerClassNames(248): Loaded default TestExecutionListener class names from location [META-INF/spring.factories]: [org.springframework.boot.test.autoconfigure.restdocs.RestDocsTestExecutionListener, org.springframework.boot.test.autoconfigure.web.client.MockRestServiceServerResetTestExecutionListener, org.springframework.boot.test.autoconfigure.web.servlet.MockMvcPrintOnlyOnFailureTestExecutionListener, org.springframework.boot.test.autoconfigure.web.servlet.WebDriverTestExecutionListener, org.springframework.boot.test.autoconfigure.webservices.client.MockWebServiceServerTestExecutionListener, org.springframework.boot.test.mock.mockito.MockitoTestExecutionListener, org.springframework.boot.test.mock.mockito.ResetMocksTestExecutionListener, org.springframework.test.context.web.ServletTestExecutionListener, org.springframework.test.context.support.DirtiesContextBeforeModesTestExecutionListener, org.springframework.test.context.support.DependencyInjectionTestExecutionListener, org.springframework.test.context.support.DirtiesContextTestExecutionListener, org.springframework.test.context.transaction.TransactionalTestExecutionListener, org.springframework.test.context.jdbc.SqlScriptsTestExecutionListener, org.springframework.test.context.event.EventPublishingTestExecutionListener]
2021-11-27 17:46:52.327 [LOGID:] INFO  [Test worker] o.s.b.t.c.SpringBootTestContextBootstrapper.getTestExecutionListeners(177): Using TestExecutionListeners: [org.springframework.test.context.web.ServletTestExecutionListener@5c5199e4, org.springframework.test.context.support.DirtiesContextBeforeModesTestExecutionListener@5d0c1ea6, org.springframework.boot.test.mock.mockito.MockitoTestExecutionListener@27771071, org.springframework.boot.test.autoconfigure.SpringBootDependencyInjectionTestExecutionListener@31a2d46e, org.springframework.test.context.support.DirtiesContextTestExecutionListener@616ce507, org.springframework.test.context.event.EventPublishingTestExecutionListener@5c282ea2, org.springframework.boot.test.autoconfigure.restdocs.RestDocsTestExecutionListener@434349ce, org.springframework.boot.test.autoconfigure.web.client.MockRestServiceServerResetTestExecutionListener@64e5f46c, org.springframework.boot.test.autoconfigure.web.servlet.MockMvcPrintOnlyOnFailureTestExecutionListener@6227612a, org.springframework.boot.test.autoconfigure.web.servlet.WebDriverTestExecutionListener@7f671ef2, org.springframework.boot.test.autoconfigure.webservices.client.MockWebServiceServerTestExecutionListener@26b335e9, org.springframework.boot.test.mock.mockito.ResetMocksTestExecutionListener@6dbee3c7]
2021-11-27 17:46:52.632 [LOGID:] INFO  [background-preinit] o.h.v.i.u.Version.<clinit>(21): HV000001: Hibernate Validator 6.1.5.Final
2021-11-27 17:46:52.734 [LOGID:] INFO  [Test worker] t.p.EndpointTest.logStarting(55): Starting EndpointTest on DESKTOP-S35CQJ1 with PID 14000 (started by Asus in D:\workspace\practice\TDD-Example)
2021-11-27 17:46:52.739 [LOGID:] INFO  [Test worker] t.p.EndpointTest.logStartupProfileInfo(651): No active profile set, falling back to default profiles: default
2021-11-27 17:46:54.548 [LOGID:] INFO  [Test worker] o.s.b.w.e.t.TomcatWebServer.initialize(108): Tomcat initialized with port(s): 0 (http)
2021-11-27 17:46:54.573 [LOGID:] INFO  [Test worker] o.a.c.h.Http11NioProtocol.log(173): Initializing ProtocolHandler ["http-nio-auto-1"]
2021-11-27 17:46:54.574 [LOGID:] INFO  [Test worker] o.a.c.c.StandardService.log(173): Starting service [Tomcat]
2021-11-27 17:46:54.575 [LOGID:] INFO  [Test worker] o.a.c.c.StandardEngine.log(173): Starting Servlet engine: [Apache Tomcat/9.0.37]
2021-11-27 17:46:54.730 [LOGID:] INFO  [Test worker] o.a.c.c.C.[.[.[/].log(173): Initializing Spring embedded WebApplicationContext
2021-11-27 17:46:54.731 [LOGID:] INFO  [Test worker] o.s.b.w.s.c.ServletWebServerApplicationContext.prepareWebApplicationContext(285): Root WebApplicationContext: initialization completed in 1954 ms
2021-11-27 17:46:55.459 [LOGID:] INFO  [Test worker] o.s.s.c.ThreadPoolTaskExecutor.initialize(181): Initializing ExecutorService 'applicationTaskExecutor'
2021-11-27 17:46:55.966 [LOGID:] INFO  [Test worker] o.a.c.h.Http11NioProtocol.log(173): Starting ProtocolHandler ["http-nio-auto-1"]
2021-11-27 17:46:55.992 [LOGID:] INFO  [Test worker] o.s.b.w.e.t.TomcatWebServer.start(220): Tomcat started on port(s): 55201 (http) with context path ''
2021-11-27 17:46:56.005 [LOGID:] INFO  [Test worker] t.p.EndpointTest.logStarted(61): Started EndpointTest in 3.636 seconds (JVM running for 6.207)
2021-11-27 17:46:56.544 [LOGID:] INFO  [http-nio-auto-1-exec-1] o.a.c.c.C.[.[.[/].log(173): Initializing Spring DispatcherServlet 'dispatcherServlet'
2021-11-27 17:46:56.545 [LOGID:] INFO  [http-nio-auto-1-exec-1] o.s.w.s.DispatcherServlet.initServletBean(525): Initializing Servlet 'dispatcherServlet'
2021-11-27 17:46:56.578 [LOGID:] INFO  [http-nio-auto-1-exec-1] o.s.w.s.DispatcherServlet.initServletBean(547): Completed initialization in 32 ms
2021-11-27 17:46:56.599 [LOGID:21103b4d-d8d2-4d6b-a7d2-cb8f1ec9e74a] INFO  [http-nio-auto-1-exec-1] t.p.c.ApiFilter.doFilter(32): welcome to the filter!!
2021-11-27 17:46:56.601 [LOGID:21103b4d-d8d2-4d6b-a7d2-cb8f1ec9e74a] INFO  [http-nio-auto-1-exec-1] t.p.c.ApiFilter.doFilter(41): null
2021-11-27 17:46:56.888 [LOGID:6d80af37-a61f-4497-a638-c458f5640a1c] INFO  [http-nio-auto-1-exec-2] t.p.c.ApiFilter.doFilter(32): welcome to the filter!!
2021-11-27 17:46:56.889 [LOGID:6d80af37-a61f-4497-a638-c458f5640a1c] INFO  [http-nio-auto-1-exec-2] t.p.c.ApiFilter.doFilter(41): null
2021-11-27 17:46:57.054 [LOGID:15495180-156f-4547-b6e7-2cf3553c98b9] INFO  [http-nio-auto-1-exec-3] t.p.c.ApiFilter.doFilter(32): welcome to the filter!!
2021-11-27 17:46:57.055 [LOGID:15495180-156f-4547-b6e7-2cf3553c98b9] INFO  [http-nio-auto-1-exec-3] t.p.c.ApiFilter.doFilter(41): null
2021-11-27 17:46:57.086 [LOGID:31ddedd1-056d-4938-9c43-cd1e37534695] INFO  [http-nio-auto-1-exec-4] t.p.c.ApiFilter.doFilter(32): welcome to the filter!!
2021-11-27 17:46:57.086 [LOGID:31ddedd1-056d-4938-9c43-cd1e37534695] INFO  [http-nio-auto-1-exec-4] t.p.c.ApiFilter.doFilter(41): null
2021-11-27 17:46:57.094 [LOGID:5343a66a-022b-4ad3-8116-2800880132de] INFO  [http-nio-auto-1-exec-5] t.p.c.ApiFilter.doFilter(32): welcome to the filter!!
2021-11-27 17:46:57.094 [LOGID:5343a66a-022b-4ad3-8116-2800880132de] INFO  [http-nio-auto-1-exec-5] t.p.c.ApiFilter.doFilter(41): null
2021-11-27 17:46:57.118 [LOGID:23f26730-7b13-461d-8c53-e73a1dae651a] INFO  [http-nio-auto-1-exec-6] t.p.c.ApiFilter.doFilter(32): welcome to the filter!!
2021-11-27 17:46:57.119 [LOGID:23f26730-7b13-461d-8c53-e73a1dae651a] INFO  [http-nio-auto-1-exec-6] t.p.c.ApiFilter.doFilter(41): null
2021-11-27 17:46:57.125 [LOGID:98341f9a-3c6c-4be5-be1c-585c84d0c89d] INFO  [http-nio-auto-1-exec-6] t.p.c.ApiFilter.doFilter(32): welcome to the filter!!
2021-11-27 17:46:57.125 [LOGID:98341f9a-3c6c-4be5-be1c-585c84d0c89d] INFO  [http-nio-auto-1-exec-6] t.p.c.ApiFilter.doFilter(41): null
2021-11-27 17:46:57.530 [LOGID:] INFO  [SpringContextShutdownHook] o.s.s.c.ThreadPoolTaskExecutor.shutdown(218): Shutting down ExecutorService 'applicationTaskExecutor'
